#-----------------------------------------------------------
# Vivado v2016.1 (64-bit)
# SW Build 1538259 on Fri Apr  8 15:45:27 MDT 2016
# IP Build 1537824 on Fri Apr  8 04:28:57 MDT 2016
# Start of session at: Sun Nov 21 01:43:48 2021
# Process ID: 21072
# Current directory: C:/Users/USER/Desktop/ImageProcessingRGB
# Command line: vivado.exe -gui_launcher_event rodinguilauncherevent24212 C:\Users\USER\Desktop\ImageProcessingRGB\ImageProcessingRGB.xpr
# Log file: C:/Users/USER/Desktop/ImageProcessingRGB/vivado.log
# Journal file: C:/Users/USER/Desktop/ImageProcessingRGB\vivado.jou
#-----------------------------------------------------------
start_gui
open_project C:/Users/USER/Desktop/ImageProcessingRGB/ImageProcessingRGB.xpr
Scanning sources...
Finished scanning sources
INFO: [IP_Flow 19-234] Refreshing IP repositories
INFO: [IP_Flow 19-1700] Loaded user IP repository 'c:/Users/USER/Desktop/ImageProcessingRGB'.
INFO: [IP_Flow 19-2313] Loaded Vivado IP repository 'D:/Xilinx2016.1/Vivado/2016.1/data/ip'.
open_project: Time (s): cpu = 00:00:20 ; elapsed = 00:00:11 . Memory (MB): peak = 812.484 ; gain = 135.668
update_compile_order -fileset sources_1
update_compile_order -fileset sim_1
exit
INFO: [Common 17-206] Exiting Vivado at Sun Nov 21 01:50:12 2021...
