#-----------------------------------------------------------
# Vivado v2016.1 (64-bit)
# SW Build 1538259 on Fri Apr  8 15:45:27 MDT 2016
# IP Build 1537824 on Fri Apr  8 04:28:57 MDT 2016
# Start of session at: Sat Nov 27 05:40:02 2021
# Process ID: 13624
# Current directory: C:/Users/USER/Desktop/ImageProcessingRGB
# Command line: vivado.exe -gui_launcher_event rodinguilauncherevent16408 C:\Users\USER\Desktop\ImageProcessingRGB\ImageProcessingRGB.xpr
# Log file: C:/Users/USER/Desktop/ImageProcessingRGB/vivado.log
# Journal file: C:/Users/USER/Desktop/ImageProcessingRGB\vivado.jou
#-----------------------------------------------------------
start_gui
open_project C:/Users/USER/Desktop/ImageProcessingRGB/ImageProcessingRGB.xpr
Scanning sources...
Finished scanning sources
INFO: [IP_Flow 19-234] Refreshing IP repositories
INFO: [IP_Flow 19-1700] Loaded user IP repository 'c:/Users/USER/Desktop/ImageProcessingRGB'.
INFO: [IP_Flow 19-2313] Loaded Vivado IP repository 'D:/Xilinx2016.1/Vivado/2016.1/data/ip'.
ERROR: [Project 1-202] Error writing the XML file 'C:/Users/USER/Desktop/ImageProcessingRGB/ImageProcessingRGB.xpr'
ERROR: [Common 17-69] Command failed: ERROR: [Project 1-202] Error writing the XML file 'C:/Users/USER/Desktop/ImageProcessingRGB/ImageProcessingRGB.xpr'

update_compile_order -fileset sources_1
update_compile_order -fileset sim_1
exit
INFO: [Common 17-206] Exiting Vivado at Sat Nov 27 06:14:12 2021...
