#-----------------------------------------------------------
# Vivado v2016.1 (64-bit)
# SW Build 1538259 on Fri Apr  8 15:45:27 MDT 2016
# IP Build 1537824 on Fri Apr  8 04:28:57 MDT 2016
# Start of session at: Sat Nov 27 06:14:14 2021
# Process ID: 23688
# Current directory: C:/Users/USER/Desktop/ImageProcessingRGB
# Command line: vivado.exe -gui_launcher_event rodinguilauncherevent28340 C:\Users\USER\Desktop\ImageProcessingRGB\ImageProcessingRGB.xpr
# Log file: C:/Users/USER/Desktop/ImageProcessingRGB/vivado.log
# Journal file: C:/Users/USER/Desktop/ImageProcessingRGB\vivado.jou
#-----------------------------------------------------------
start_gui
open_project C:/Users/USER/Desktop/ImageProcessingRGB/ImageProcessingRGB.xpr
Scanning sources...
Finished scanning sources
INFO: [IP_Flow 19-234] Refreshing IP repositories
INFO: [IP_Flow 19-1700] Loaded user IP repository 'c:/Users/USER/Desktop/ImageProcessingRGB'.
INFO: [IP_Flow 19-2313] Loaded Vivado IP repository 'D:/Xilinx2016.1/Vivado/2016.1/data/ip'.
open_project: Time (s): cpu = 00:00:18 ; elapsed = 00:00:08 . Memory (MB): peak = 807.016 ; gain = 118.297
update_compile_order -fileset sources_1
update_compile_order -fileset sim_1
launch_runs impl_1 -jobs 4
[Sat Nov 27 06:15:22 2021] Launched synth_1...
Run output will be captured here: C:/Users/USER/Desktop/ImageProcessingRGB/ImageProcessingRGB.runs/synth_1/runme.log
[Sat Nov 27 06:15:22 2021] Launched impl_1...
Run output will be captured here: C:/Users/USER/Desktop/ImageProcessingRGB/ImageProcessingRGB.runs/impl_1/runme.log
