Copyright 1986-2016 Xilinx, Inc. All Rights Reserved.
--------------------------------------------------------------------------------------------
| Tool Version : Vivado v.2016.1 (win64) Build 1538259 Fri Apr  8 15:45:27 MDT 2016
| Date         : Sat Nov 27 06:17:20 2021
| Host         : 21001301Cody running 64-bit major release  (build 9200)
| Command      : report_control_sets -verbose -file imageProcessTop_control_sets_placed.rpt
| Design       : imageProcessTop
| Device       : xc7z020
--------------------------------------------------------------------------------------------

Control Set Information

Table of Contents
-----------------
1. Summary
2. Flip-Flop Distribution
3. Detailed Control Set Information

1. Summary
----------

+----------------------------------------------------------+-------+
|                          Status                          | Count |
+----------------------------------------------------------+-------+
| Number of unique control sets                            |    83 |
| Unused register locations in slices containing registers |   142 |
+----------------------------------------------------------+-------+


2. Flip-Flop Distribution
-------------------------

+--------------+-----------------------+------------------------+-----------------+--------------+
| Clock Enable | Synchronous Set/Reset | Asynchronous Set/Reset | Total Registers | Total Slices |
+--------------+-----------------------+------------------------+-----------------+--------------+
| No           | No                    | No                     |             864 |          213 |
| No           | No                    | Yes                    |              28 |           11 |
| No           | Yes                   | No                     |             159 |           39 |
| Yes          | No                    | No                     |              96 |           34 |
| Yes          | No                    | Yes                    |               0 |            0 |
| Yes          | Yes                   | No                     |             119 |           43 |
+--------------+-----------------------+------------------------+-----------------+--------------+


3. Detailed Control Set Information
-----------------------------------

+--------------------+----------------------------------------------------------------------------------------------------+--------------------------------------------------------------------------------------------------------+------------------+----------------+
|    Clock Signal    |                                            Enable Signal                                           |                                            Set/Reset Signal                                            | Slice Load Count | Bel Load Count |
+--------------------+----------------------------------------------------------------------------------------------------+--------------------------------------------------------------------------------------------------------+------------------+----------------+
|  axi_clk_IBUF_BUFG |                                                                                                    | OB/U0/inst_fifo_gen/gaxis_fifo.gaxisf.axisf/grf.rf/rstblk/rst_rd_reg2                                  |                1 |              1 |
|  axi_clk_IBUF_BUFG |                                                                                                    | OB/U0/inst_fifo_gen/gaxis_fifo.gaxisf.axisf/grf.rf/rstblk/rst_wr_reg2                                  |                1 |              1 |
|  axi_clk_IBUF_BUFG |                                                                                                    | OB/U0/inst_fifo_gen/gaxis_fifo.gaxisf.axisf/grf.rf/rstblk/ngwrdrst.grst.g7serrst.wr_rst_reg[1]_i_1_n_0 |                1 |              1 |
|  axi_clk_IBUF_BUFG | IC/rdState                                                                                         | IC/o_intr_i_1_n_0                                                                                      |                1 |              1 |
|  axi_clk_IBUF_BUFG |                                                                                                    | OB/U0/inst_fifo_gen/gaxis_fifo.gaxisf.axisf/grf.rf/rstblk/ngwrdrst.grst.g7serrst.rd_rst_reg[2]_i_1_n_0 |                1 |              2 |
|  axi_clk_IBUF_BUFG |                                                                                                    | OB/U0/inst_fifo_gen/gaxis_fifo.gaxisf.axisf/grf.rf/rstblk/rst_d2                                       |                1 |              3 |
|  axi_clk_IBUF_BUFG |                                                                                                    | OB/U0/inst_fifo_gen/gaxis_fifo.gaxisf.axisf/grf.rf/rstblk/Q[1]                                         |                2 |              5 |
|  axi_clk_IBUF_BUFG |                                                                                                    | OB/U0/inst_fifo_gen/gaxis_fifo.gaxisf.axisf/grf.rf/rstblk/AR[0]                                        |                2 |              6 |
|  axi_clk_IBUF_BUFG |                                                                                                    | IC/lB1/SR[0]                                                                                           |                3 |              7 |
|  axi_clk_IBUF_BUFG |                                                                                                    | conv/i_pixel_data_light_s1[2][7]_i_1_n_0                                                               |                2 |              8 |
|  axi_clk_IBUF_BUFG |                                                                                                    | conv/i_pixel_data_light_s1[3][7]_i_1_n_0                                                               |                2 |              8 |
|  axi_clk_IBUF_BUFG |                                                                                                    | conv/i_pixel_data_light_s1[4][7]_i_1_n_0                                                               |                1 |              8 |
|  axi_clk_IBUF_BUFG |                                                                                                    | conv/i_pixel_data_light_s1[5][7]_i_1_n_0                                                               |                3 |              8 |
|  axi_clk_IBUF_BUFG |                                                                                                    | conv/i_pixel_data_light_s1[6][7]_i_1_n_0                                                               |                1 |              8 |
|  axi_clk_IBUF_BUFG |                                                                                                    | conv/i_pixel_data_light_s1[7][7]_i_1_n_0                                                               |                4 |              8 |
|  axi_clk_IBUF_BUFG |                                                                                                    | conv/i_pixel_data_light_s1[8][7]_i_1_n_0                                                               |                2 |              8 |
|  axi_clk_IBUF_BUFG |                                                                                                    | conv/multData2[0][7]_i_1_n_0                                                                           |                2 |              8 |
|  axi_clk_IBUF_BUFG |                                                                                                    | conv/multData2[1][7]_i_1_n_0                                                                           |                2 |              8 |
|  axi_clk_IBUF_BUFG |                                                                                                    | conv/multData2[2][7]_i_1_n_0                                                                           |                1 |              8 |
|  axi_clk_IBUF_BUFG |                                                                                                    | conv/multData2[3][7]_i_1_n_0                                                                           |                1 |              8 |
|  axi_clk_IBUF_BUFG |                                                                                                    | conv/multData2[4][7]_i_1_n_0                                                                           |                1 |              8 |
|  axi_clk_IBUF_BUFG |                                                                                                    | conv/multData2[5][7]_i_1_n_0                                                                           |                2 |              8 |
|  axi_clk_IBUF_BUFG |                                                                                                    | conv/multData2[6][7]_i_1_n_0                                                                           |                2 |              8 |
|  axi_clk_IBUF_BUFG |                                                                                                    | conv/multData2[7][7]_i_1_n_0                                                                           |                1 |              8 |
|  axi_clk_IBUF_BUFG |                                                                                                    | conv/multData2[8][7]_i_1_n_0                                                                           |                2 |              8 |
|  axi_clk_IBUF_BUFG |                                                                                                    | conv/o_convolved_data0                                                                                 |                2 |              8 |
|  axi_clk_IBUF_BUFG |                                                                                                    | conv/i_pixel_data_light_s1[0][7]_i_1_n_0                                                               |                3 |              8 |
|  axi_clk_IBUF_BUFG | RGB2Gray/RGB_data_valid                                                                            |                                                                                                        |                3 |              8 |
|  axi_clk_IBUF_BUFG | OB/U0/inst_fifo_gen/gaxis_fifo.gaxisf.axisf/grf.rf/gntv_or_sync_fifo.gl0.wr/gwss.wsts/E[0]         | OB/U0/inst_fifo_gen/gaxis_fifo.gaxisf.axisf/grf.rf/rst_int_sync                                        |                2 |              8 |
|  axi_clk_IBUF_BUFG | OB/U0/inst_fifo_gen/gaxis_fifo.gaxisf.axisf/grf.rf/rstblk/gc0.count_reg[3][0]                      | OB/U0/inst_fifo_gen/gaxis_fifo.gaxisf.axisf/grf.rf/rst_int_sync                                        |                2 |              8 |
|  axi_clk_IBUF_BUFG |                                                                                                    | conv/i_pixel_data_light_s1[1][7]_i_1_n_0                                                               |                2 |              8 |
|  axi_clk_IBUF_BUFG | OB/U0/inst_fifo_gen/gaxis_fifo.gaxisf.axisf/grf.rf/gntv_or_sync_fifo.gl0.rd/gr1.gr1_int.rfwft/E[0] |                                                                                                        |                1 |              8 |
|  axi_clk_IBUF_BUFG |                                                                                                    | OB/U0/inst_fifo_gen/gaxis_fifo.gaxisf.axisf/grf.rf/rstblk/ngwrdrst.grst.g7serrst.rst_wr_reg1_reg_0     |                2 |              9 |
|  axi_clk_IBUF_BUFG | IC/lB0/lineBuffRdData[0]                                                                           | IC/lB1/SR[0]                                                                                           |                3 |              9 |
|  axi_clk_IBUF_BUFG | IC/lB1/wrPtr[8]_i_1__1_n_0                                                                         | IC/lB1/SR[0]                                                                                           |                4 |              9 |
|  axi_clk_IBUF_BUFG | IC/lB1/lineBuffRdData[1]                                                                           | IC/lB1/SR[0]                                                                                           |                5 |              9 |
|  axi_clk_IBUF_BUFG | IC/lB0/wrPtr[8]_i_1__2_n_0                                                                         | IC/lB1/SR[0]                                                                                           |                4 |              9 |
|  axi_clk_IBUF_BUFG | IC/lB2/wrPtr[8]_i_1__0_n_0                                                                         | IC/lB1/SR[0]                                                                                           |                4 |              9 |
|  axi_clk_IBUF_BUFG | IC/lB2/lineBuffRdData[2]                                                                           | IC/lB1/SR[0]                                                                                           |                3 |              9 |
|  axi_clk_IBUF_BUFG | IC/lB3/wrPtr[8]_i_1_n_0                                                                            | IC/lB1/SR[0]                                                                                           |                3 |              9 |
|  axi_clk_IBUF_BUFG | IC/lB3/lineBuffRdData[3]                                                                           | IC/lB1/SR[0]                                                                                           |                3 |              9 |
|  axi_clk_IBUF_BUFG | IC/pixel_data_valid                                                                                | IC/lB1/SR[0]                                                                                           |                3 |              9 |
|  axi_clk_IBUF_BUFG | RGB2Gray/gray_pixel_valid                                                                          | IC/lB1/SR[0]                                                                                           |                3 |              9 |
|  axi_clk_IBUF_BUFG | RGB2Gray/p_4_out                                                                                   |                                                                                                        |                4 |             12 |
|  axi_clk_IBUF_BUFG | RGB2Gray/p_8_out                                                                                   |                                                                                                        |                4 |             12 |
|  axi_clk_IBUF_BUFG | RGB2Gray/totalPixelCounter_reg[11]                                                                 | IC/lB1/SR[0]                                                                                           |                3 |             12 |
|  axi_clk_IBUF_BUFG | RGB2Gray/p_5_out                                                                                   |                                                                                                        |                5 |             13 |
|  axi_clk_IBUF_BUFG | RGB2Gray/p_0_out                                                                                   |                                                                                                        |                3 |             13 |
|  axi_clk_IBUF_BUFG | RGB2Gray/p_2_out                                                                                   |                                                                                                        |                7 |             15 |
|  axi_clk_IBUF_BUFG | RGB2Gray/p_7_out                                                                                   |                                                                                                        |                7 |             15 |
|  axi_clk_IBUF_BUFG | IC/lB1/line_reg_r1_256_319_0_2_i_1__1_n_0                                                          |                                                                                                        |                9 |             36 |
|  axi_clk_IBUF_BUFG | IC/lB1/line_reg_r1_320_383_0_2_i_1__1_n_0                                                          |                                                                                                        |                9 |             36 |
|  axi_clk_IBUF_BUFG | IC/lB1/line_reg_r1_384_447_0_2_i_1__1_n_0                                                          |                                                                                                        |                9 |             36 |
|  axi_clk_IBUF_BUFG | IC/lB1/line_reg_r1_448_511_0_2_i_1__1_n_0                                                          |                                                                                                        |                9 |             36 |
|  axi_clk_IBUF_BUFG | IC/lB1/line_reg_r1_64_127_0_2_i_1__1_n_0                                                           |                                                                                                        |                9 |             36 |
|  axi_clk_IBUF_BUFG | IC/lB0/line_reg_r1_128_191_0_2_i_1__0_n_0                                                          |                                                                                                        |                9 |             36 |
|  axi_clk_IBUF_BUFG | IC/lB0/line_reg_r1_192_255_0_2_i_1__0_n_0                                                          |                                                                                                        |                9 |             36 |
|  axi_clk_IBUF_BUFG | IC/lB2/line_reg_r1_0_63_0_2_i_1__2_n_0                                                             |                                                                                                        |                9 |             36 |
|  axi_clk_IBUF_BUFG | IC/lB2/line_reg_r1_128_191_0_2_i_1__2_n_0                                                          |                                                                                                        |                9 |             36 |
|  axi_clk_IBUF_BUFG | IC/lB2/line_reg_r1_192_255_0_2_i_1__2_n_0                                                          |                                                                                                        |                9 |             36 |
|  axi_clk_IBUF_BUFG | IC/lB2/line_reg_r1_256_319_0_2_i_1__2_n_0                                                          |                                                                                                        |                9 |             36 |
|  axi_clk_IBUF_BUFG | IC/lB0/line_reg_r1_256_319_0_2_i_1__0_n_0                                                          |                                                                                                        |                9 |             36 |
|  axi_clk_IBUF_BUFG | IC/lB2/line_reg_r1_384_447_0_2_i_1__2_n_0                                                          |                                                                                                        |                9 |             36 |
|  axi_clk_IBUF_BUFG | IC/lB2/line_reg_r1_448_511_0_2_i_1__2_n_0                                                          |                                                                                                        |                9 |             36 |
|  axi_clk_IBUF_BUFG | IC/lB2/line_reg_r1_64_127_0_2_i_1__2_n_0                                                           |                                                                                                        |                9 |             36 |
|  axi_clk_IBUF_BUFG | IC/lB0/line_reg_r1_320_383_0_2_i_1__0_n_0                                                          |                                                                                                        |                9 |             36 |
|  axi_clk_IBUF_BUFG | IC/lB0/line_reg_r1_384_447_0_2_i_1__0_n_0                                                          |                                                                                                        |                9 |             36 |
|  axi_clk_IBUF_BUFG | IC/lB3/line_reg_r1_0_63_0_2_i_1_n_0                                                                |                                                                                                        |                9 |             36 |
|  axi_clk_IBUF_BUFG | IC/lB3/line_reg_r1_128_191_0_2_i_1_n_0                                                             |                                                                                                        |                9 |             36 |
|  axi_clk_IBUF_BUFG | IC/lB3/line_reg_r1_192_255_0_2_i_1_n_0                                                             |                                                                                                        |                9 |             36 |
|  axi_clk_IBUF_BUFG | IC/lB3/line_reg_r1_256_319_0_2_i_1_n_0                                                             |                                                                                                        |                9 |             36 |
|  axi_clk_IBUF_BUFG | IC/lB2/line_reg_r1_320_383_0_2_i_1__2_n_0                                                          |                                                                                                        |                9 |             36 |
|  axi_clk_IBUF_BUFG | IC/lB3/line_reg_r1_384_447_0_2_i_1_n_0                                                             |                                                                                                        |                9 |             36 |
|  axi_clk_IBUF_BUFG | IC/lB3/line_reg_r1_448_511_0_2_i_1_n_0                                                             |                                                                                                        |                9 |             36 |
|  axi_clk_IBUF_BUFG | IC/lB3/line_reg_r1_64_127_0_2_i_1_n_0                                                              |                                                                                                        |                9 |             36 |
|  axi_clk_IBUF_BUFG | IC/lB0/line_reg_r1_448_511_0_2_i_1__0_n_0                                                          |                                                                                                        |                9 |             36 |
|  axi_clk_IBUF_BUFG | IC/lB0/line_reg_r1_64_127_0_2_i_1__0_n_0                                                           |                                                                                                        |                9 |             36 |
|  axi_clk_IBUF_BUFG | IC/lB0/line_reg_r1_0_63_0_2_i_1__0_n_0                                                             |                                                                                                        |                9 |             36 |
|  axi_clk_IBUF_BUFG | IC/lB1/line_reg_r1_0_63_0_2_i_1__1_n_0                                                             |                                                                                                        |                9 |             36 |
|  axi_clk_IBUF_BUFG | IC/lB1/line_reg_r1_128_191_0_2_i_1__1_n_0                                                          |                                                                                                        |                9 |             36 |
|  axi_clk_IBUF_BUFG | IC/lB1/line_reg_r1_192_255_0_2_i_1__1_n_0                                                          |                                                                                                        |                9 |             36 |
|  axi_clk_IBUF_BUFG | IC/lB3/line_reg_r1_320_383_0_2_i_1_n_0                                                             |                                                                                                        |                9 |             36 |
|  axi_clk_IBUF_BUFG |                                                                                                    |                                                                                                        |              216 |            882 |
+--------------------+----------------------------------------------------------------------------------------------------+--------------------------------------------------------------------------------------------------------+------------------+----------------+


